<?xml version="1.0" encoding="UTF-8"?>
<!-- Generated by org.testng.reporters.JUnitXMLReporter -->
<testsuite ignored="0" hostname="sghosh2021" failures="0" tests="4" name="Parallel" time="0.055" errors="0" timestamp="2023-06-03T21:37:33 BST">
  <testcase classname="com.banking.Digibank.ParallelTestone" name="testMethodone" time="0.008"/>
  <testcase classname="com.banking.Digibank.ParallelTest" name="testMethodone" time="0.008"/>
  <testcase classname="com.banking.Digibank.ParallelTest" name="testMethodtwo" time="0.0"/>
  <testcase classname="com.banking.Digibank.ParallelTestone" name="testMethodtwo" time="0.005"/>
</testsuite> <!-- Parallel -->
