<?xml version="1.0" encoding="UTF-8"?>
<!-- Generated by org.testng.reporters.JUnitXMLReporter -->
<testsuite ignored="0" hostname="sghosh2021" failures="0" tests="8" name="Default test" time="0.081" errors="0" timestamp="2023-06-12T21:36:09 BST">
  <testcase classname="com.Excel.LoginData" name="testReadExcelData" time="0.006"/>
  <testcase classname="com.Excel.LoginData" name="testReadExcelData" time="0.0"/>
  <testcase classname="com.Excel.LoginData" name="testReadExcelData" time="0.001"/>
  <testcase classname="com.Excel.LoginData" name="testReadExcelData" time="0.001"/>
  <testcase classname="com.Excel.LoginData" name="testReadExcelData" time="0.0"/>
  <testcase classname="com.Excel.LoginData" name="testReadExcelData" time="0.001"/>
  <testcase classname="com.Excel.LoginData" name="testReadExcelData" time="0.001"/>
  <testcase classname="com.Excel.LoginData" name="testReadExcelData" time="0.0"/>
</testsuite> <!-- Default test -->
