<?xml version="1.0" encoding="UTF-8"?>
<!-- Generated by org.testng.reporters.JUnitXMLReporter -->
<testsuite ignored="1" hostname="sghosh2021" failures="0" tests="2" name="DisabledTest" time="0.046" errors="0" timestamp="2023-05-31T17:11:24 BST">
  <testcase classname="com.banking.Digibank.DisabledTest" name="testMethodThree" time="0.006"/>
  <testcase classname="com.banking.Digibank.DisabledTest" name="testMethodone" time="0.001"/>
  <testcase classname="com.banking.Digibank.DisabledTest" name="testMethodtwo" time="0.0">
    <ignored/>
  </testcase> <!-- testMethodtwo -->
</testsuite> <!-- DisabledTest -->
