<?xml version="1.0" encoding="UTF-8"?>
<!-- Generated by org.testng.reporters.JUnitXMLReporter -->
<testsuite ignored="2" hostname="sghosh2021" failures="0" tests="2" name="ExcludeGroup Test" time="0.041" errors="0" timestamp="2023-05-31T17:05:57 BST">
  <testcase classname="com.banking.Digibank.ExcludeGroups" name="testMethodone" time="0.006"/>
  <testcase classname="com.banking.Digibank.ExcludeGroups" name="testMethodtwo" time="0.001"/>
  <testcase classname="com.banking.Digibank.ExcludeGroups" name="testMethodthree" time="0.0">
    <ignored/>
  </testcase> <!-- testMethodthree -->
  <testcase classname="com.banking.Digibank.ExcludeGroups" name="Regression" time="0.0">
    <ignored/>
  </testcase> <!-- Regression -->
</testsuite> <!-- ExcludeGroup Test -->
