<?xml version="1.0" encoding="UTF-8"?>
<!-- Generated by org.testng.reporters.JUnitXMLReporter -->
<testsuite ignored="3" hostname="sghosh2021" failures="0" tests="2" name="GRP-Module02" time="0.05" errors="0" timestamp="2023-05-30T23:27:25 BST">
  <testcase classname="com.banking.Digibank.GroupsDemo" name="TestCase04" time="0.007"/>
  <testcase classname="com.banking.Digibank.GroupsDemo" name="TestCase05" time="0.0"/>
  <testcase classname="com.banking.Digibank.GroupsDemo" name="TestCase03" time="0.0">
    <ignored/>
  </testcase> <!-- TestCase03 -->
  <testcase classname="com.banking.Digibank.GroupsDemo" name="TestCase02" time="0.0">
    <ignored/>
  </testcase> <!-- TestCase02 -->
  <testcase classname="com.banking.Digibank.GroupsDemo" name="TestCase01" time="0.0">
    <ignored/>
  </testcase> <!-- TestCase01 -->
</testsuite> <!-- GRP-Module02 -->
