<?xml version="1.0" encoding="UTF-8"?>
<!-- Generated by org.testng.reporters.JUnitXMLReporter -->
<testsuite ignored="2" hostname="sghosh2021" failures="0" tests="3" name="GRP-Module01" time="0.051" errors="0" timestamp="2023-05-30T23:28:53 BST">
  <testcase classname="com.banking.Digibank.GroupsDemo" name="TestCase02" time="0.007"/>
  <testcase classname="com.banking.Digibank.GroupsDemo" name="TestCase01" time="0.001"/>
  <testcase classname="com.banking.Digibank.GroupsDemo" name="TestCase03" time="0.001"/>
  <testcase classname="com.banking.Digibank.GroupsDemo" name="TestCase05" time="0.0">
    <ignored/>
  </testcase> <!-- TestCase05 -->
  <testcase classname="com.banking.Digibank.GroupsDemo" name="TestCase04" time="0.0">
    <ignored/>
  </testcase> <!-- TestCase04 -->
</testsuite> <!-- GRP-Module01 -->
