<?xml version="1.0" encoding="UTF-8"?>
<!-- Generated by org.testng.reporters.JUnitXMLReporter -->
<testsuite ignored="0" hostname="sghosh2021" failures="1" tests="2" name="TimeTest" time="0.769" errors="0" timestamp="2023-05-31T18:14:58 BST">
  <testcase classname="com.banking.Digibank.TimeTest" name="Testone" time="0.517">
    <failure type="org.testng.internal.thread.ThreadTimeoutException" message="Method com.banking.Digibank.TimeTest.Testone() didn&amp;apos;t finish within the time-out 500">
      <![CDATA[org.testng.internal.thread.ThreadTimeoutException: Method com.banking.Digibank.TimeTest.Testone() didn't finish within the time-out 500
at java.base/java.util.ArrayList.forEach(ArrayList.java:1511)
... Removed 24 stack frames]]>
    </failure>
  </testcase> <!-- Testone -->
  <testcase classname="com.banking.Digibank.TimeTest" name="Testtwo" time="0.203"/>
</testsuite> <!-- TimeTest -->
