<?xml version="1.0" encoding="UTF-8"?>
<!-- Generated by org.testng.reporters.JUnitXMLReporter -->
<testsuite ignored="0" hostname="sghosh2021" failures="0" tests="3" name="DataProv" time="0.047" errors="0" timestamp="2023-06-03T20:05:13 BST">
  <testcase classname="com.banking.Digibank.SampleDataProvider" name="testMethod" time="0.007"/>
  <testcase classname="com.banking.Digibank.SampleDataProvider" name="testMethod" time="0.001"/>
  <testcase classname="com.banking.Digibank.SampleDataProvider" name="testMethod" time="0.001"/>
</testsuite> <!-- DataProv -->
