<?xml version="1.0" encoding="UTF-8"?>
<testng-results ignored="0" total="8" passed="8" failed="0" skipped="0">
  <reporter-output>
  </reporter-output>
  <suite started-at="2023-06-12T21:36:09 BST" name="Default suite" finished-at="2023-06-12T21:36:09 BST" duration-ms="81">
    <groups>
    </groups>
    <test started-at="2023-06-12T21:36:09 BST" name="Default test" finished-at="2023-06-12T21:36:09 BST" duration-ms="81">
      <class name="com.Excel.LoginData">
        <test-method signature="testReadExcelData()[pri:0, instance:com.Excel.LoginData@3ecd267f]" started-at="2023-06-12T21:36:09 BST" name="testReadExcelData" finished-at="2023-06-12T21:36:09 BST" duration-ms="6" status="PASS">
          <reporter-output>
          </reporter-output>
        </test-method> <!-- testReadExcelData -->
        <test-method signature="testReadExcelData(java.lang.String,java.lang.String)[pri:0, instance:com.Excel.LoginData@3ecd267f]" started-at="2023-06-12T21:36:09 BST" name="testReadExcelData" data-provider="browserdata" finished-at="2023-06-12T21:36:09 BST" duration-ms="0" status="PASS">
          <params>
            <param index="0">
              <value>
                <![CDATA[Stoumee]]>
              </value>
            </param>
            <param index="1">
              <value>
                <![CDATA[1.0]]>
              </value>
            </param>
          </params>
          <reporter-output>
          </reporter-output>
        </test-method> <!-- testReadExcelData -->
        <test-method signature="testReadExcelData(java.lang.String,java.lang.String)[pri:0, instance:com.Excel.LoginData@3ecd267f]" started-at="2023-06-12T21:36:09 BST" name="testReadExcelData" data-provider="browserdata" finished-at="2023-06-12T21:36:09 BST" duration-ms="1" status="PASS">
          <params>
            <param index="0">
              <value>
                <![CDATA[Hemant]]>
              </value>
            </param>
            <param index="1">
              <value>
                <![CDATA[2.0]]>
              </value>
            </param>
          </params>
          <reporter-output>
          </reporter-output>
        </test-method> <!-- testReadExcelData -->
        <test-method signature="testReadExcelData(java.lang.String,java.lang.String)[pri:0, instance:com.Excel.LoginData@3ecd267f]" started-at="2023-06-12T21:36:09 BST" name="testReadExcelData" data-provider="browserdata" finished-at="2023-06-12T21:36:09 BST" duration-ms="1" status="PASS">
          <params>
            <param index="0">
              <value>
                <![CDATA[Aboh]]>
              </value>
            </param>
            <param index="1">
              <value>
                <![CDATA[3.0]]>
              </value>
            </param>
          </params>
          <reporter-output>
          </reporter-output>
        </test-method> <!-- testReadExcelData -->
        <test-method signature="testReadExcelData(java.lang.String,java.lang.String)[pri:0, instance:com.Excel.LoginData@3ecd267f]" started-at="2023-06-12T21:36:09 BST" name="testReadExcelData" data-provider="browserdata" finished-at="2023-06-12T21:36:09 BST" duration-ms="0" status="PASS">
          <params>
            <param index="0">
              <value>
                <![CDATA[Swathi]]>
              </value>
            </param>
            <param index="1">
              <value>
                <![CDATA[4.0]]>
              </value>
            </param>
          </params>
          <reporter-output>
          </reporter-output>
        </test-method> <!-- testReadExcelData -->
        <test-method signature="testReadExcelData(java.lang.String,java.lang.String)[pri:0, instance:com.Excel.LoginData@3ecd267f]" started-at="2023-06-12T21:36:09 BST" name="testReadExcelData" data-provider="browserdata" finished-at="2023-06-12T21:36:09 BST" duration-ms="1" status="PASS">
          <params>
            <param index="0">
              <value>
                <![CDATA[Lakshmi]]>
              </value>
            </param>
            <param index="1">
              <value>
                <![CDATA[5.0]]>
              </value>
            </param>
          </params>
          <reporter-output>
          </reporter-output>
        </test-method> <!-- testReadExcelData -->
        <test-method signature="testReadExcelData(java.lang.String,java.lang.String)[pri:0, instance:com.Excel.LoginData@3ecd267f]" started-at="2023-06-12T21:36:09 BST" name="testReadExcelData" data-provider="browserdata" finished-at="2023-06-12T21:36:09 BST" duration-ms="1" status="PASS">
          <params>
            <param index="0">
              <value>
                <![CDATA[Anu]]>
              </value>
            </param>
            <param index="1">
              <value>
                <![CDATA[6.0]]>
              </value>
            </param>
          </params>
          <reporter-output>
          </reporter-output>
        </test-method> <!-- testReadExcelData -->
        <test-method signature="testReadExcelData(java.lang.String,java.lang.String)[pri:0, instance:com.Excel.LoginData@3ecd267f]" started-at="2023-06-12T21:36:09 BST" name="testReadExcelData" data-provider="browserdata" finished-at="2023-06-12T21:36:09 BST" duration-ms="0" status="PASS">
          <params>
            <param index="0">
              <value>
                <![CDATA[Ketan]]>
              </value>
            </param>
            <param index="1">
              <value>
                <![CDATA[7.0]]>
              </value>
            </param>
          </params>
          <reporter-output>
          </reporter-output>
        </test-method> <!-- testReadExcelData -->
      </class> <!-- com.Excel.LoginData -->
    </test> <!-- Default test -->
  </suite> <!-- Default suite -->
</testng-results>
