<?xml version="1.0" encoding="UTF-8"?>
<!-- Generated by org.testng.reporters.JUnitXMLReporter -->
<testsuite ignored="3" hostname="sghosh2021" failures="0" tests="4" name="GroupsTest" time="0.052" errors="0" timestamp="2023-05-31T17:29:00 BST">
  <testcase classname="com.banking.Digibank.GroupsDemo2" name="TestCase02" time="0.008"/>
  <testcase classname="com.banking.Digibank.GroupsDemo2" name="TestCase01" time="0.001"/>
  <testcase classname="com.banking.Digibank.GroupsDemo" name="TestCase05" time="0.001"/>
  <testcase classname="com.banking.Digibank.GroupsDemo" name="TestCase04" time="0.001"/>
  <testcase classname="com.banking.Digibank.GroupsDemo" name="TestCase03" time="0.0">
    <ignored/>
  </testcase> <!-- TestCase03 -->
  <testcase classname="com.banking.Digibank.GroupsDemo" name="TestCase02" time="0.0">
    <ignored/>
  </testcase> <!-- TestCase02 -->
  <testcase classname="com.banking.Digibank.GroupsDemo" name="TestCase01" time="0.0">
    <ignored/>
  </testcase> <!-- TestCase01 -->
</testsuite> <!-- GroupsTest -->
